0 info it worked if it ends with ok
1 verbose cli [ '/usr/local/bin/node',
1 verbose cli   '/usr/local/bin/npm',
1 verbose cli   'install',
1 verbose cli   'mongo_client' ]
2 info using npm@2.15.9
3 info using node@v4.5.0
4 verbose config Skipping project config: /Users/devanjal/.npmrc. (matches userconfig)
5 verbose install initial load of /Users/devanjal/package.json
6 verbose installManyTop reading scoped package data from /Users/devanjal/node_modules/amqp/package.json
7 verbose installManyTop reading scoped package data from /Users/devanjal/node_modules/async/package.json
8 verbose installManyTop reading scoped package data from /Users/devanjal/node_modules/bcryptjs/package.json
9 verbose installManyTop reading scoped package data from /Users/devanjal/node_modules/body-parser/package.json
10 verbose installManyTop reading scoped package data from /Users/devanjal/node_modules/creditcards/package.json
11 verbose installManyTop reading scoped package data from /Users/devanjal/node_modules/express/package.json
12 verbose installManyTop reading scoped package data from /Users/devanjal/node_modules/http/package.json
13 verbose installManyTop reading scoped package data from /Users/devanjal/node_modules/mocha/package.json
14 verbose installManyTop reading scoped package data from /Users/devanjal/node_modules/mongo/package.json
15 verbose installManyTop reading scoped package data from /Users/devanjal/node_modules/mongodb/package.json
16 verbose installManyTop reading scoped package data from /Users/devanjal/node_modules/mysql/package.json
17 verbose installManyTop reading scoped package data from /Users/devanjal/node_modules/node-mysql/package.json
18 info package.json amqp@0.2.6 No license field.
19 info package.json http@0.0.0 http is also the name of a node core module.
20 info package.json http@0.0.0 No description
21 info package.json http@0.0.0 No repository field.
22 info package.json http@0.0.0 No README data
23 info package.json mongo@0.1.0 No repository field.
24 info package.json mongo@0.1.0 No license field.
25 info package.json node-mysql@0.4.2 No license field.
26 verbose readDependencies loading dependencies from /Users/devanjal/package.json
27 silly cache add args [ 'mongo_client', null ]
28 verbose cache add spec mongo_client
29 silly cache add parsed spec Result {
29 silly cache add   raw: 'mongo_client',
29 silly cache add   scope: null,
29 silly cache add   name: 'mongo_client',
29 silly cache add   rawSpec: '',
29 silly cache add   spec: 'latest',
29 silly cache add   type: 'tag' }
30 silly addNamed mongo_client@latest
31 verbose addNamed "latest" is being treated as a dist-tag for mongo_client
32 info addNameTag [ 'mongo_client', 'latest' ]
33 silly mapToRegistry name mongo_client
34 silly mapToRegistry using default registry
35 silly mapToRegistry registry https://registry.npmjs.org/
36 silly mapToRegistry data Result {
36 silly mapToRegistry   raw: 'mongo_client',
36 silly mapToRegistry   scope: null,
36 silly mapToRegistry   name: 'mongo_client',
36 silly mapToRegistry   rawSpec: '',
36 silly mapToRegistry   spec: 'latest',
36 silly mapToRegistry   type: 'tag' }
37 silly mapToRegistry uri https://registry.npmjs.org/mongo_client
38 verbose addNameTag registry:https://registry.npmjs.org/mongo_client not in flight; fetching
39 verbose request uri https://registry.npmjs.org/mongo_client
40 verbose request no auth needed
41 info attempt registry request try #1 at 4:22:03 PM
42 verbose request id 969427d47152499c
43 http request GET https://registry.npmjs.org/mongo_client
44 http 404 https://registry.npmjs.org/mongo_client
45 verbose headers { 'content-type': 'application/json',
45 verbose headers   'cache-control': 'max-age=0',
45 verbose headers   'content-length': '2',
45 verbose headers   'accept-ranges': 'bytes',
45 verbose headers   date: 'Sun, 27 Nov 2016 00:22:04 GMT',
45 verbose headers   via: '1.1 varnish',
45 verbose headers   age: '0',
45 verbose headers   connection: 'keep-alive',
45 verbose headers   'x-served-by': 'cache-sjc3136-SJC',
45 verbose headers   'x-cache': 'MISS',
45 verbose headers   'x-cache-hits': '0',
45 verbose headers   'x-timer': 'S1480206123.937868,VS0,VE348',
45 verbose headers   vary: 'Accept-Encoding' }
46 silly get cb [ 404,
46 silly get   { 'content-type': 'application/json',
46 silly get     'cache-control': 'max-age=0',
46 silly get     'content-length': '2',
46 silly get     'accept-ranges': 'bytes',
46 silly get     date: 'Sun, 27 Nov 2016 00:22:04 GMT',
46 silly get     via: '1.1 varnish',
46 silly get     age: '0',
46 silly get     connection: 'keep-alive',
46 silly get     'x-served-by': 'cache-sjc3136-SJC',
46 silly get     'x-cache': 'MISS',
46 silly get     'x-cache-hits': '0',
46 silly get     'x-timer': 'S1480206123.937868,VS0,VE348',
46 silly get     vary: 'Accept-Encoding' } ]
47 verbose stack Error: Registry returned 404 for GET on https://registry.npmjs.org/mongo_client
47 verbose stack     at makeError (/usr/local/lib/node_modules/npm/node_modules/npm-registry-client/lib/request.js:264:12)
47 verbose stack     at CachingRegistryClient.<anonymous> (/usr/local/lib/node_modules/npm/node_modules/npm-registry-client/lib/request.js:242:14)
47 verbose stack     at Request._callback (/usr/local/lib/node_modules/npm/node_modules/npm-registry-client/lib/request.js:172:14)
47 verbose stack     at Request.self.callback (/usr/local/lib/node_modules/npm/node_modules/request/request.js:200:22)
47 verbose stack     at emitTwo (events.js:87:13)
47 verbose stack     at Request.emit (events.js:172:7)
47 verbose stack     at Request.<anonymous> (/usr/local/lib/node_modules/npm/node_modules/request/request.js:1067:10)
47 verbose stack     at emitOne (events.js:82:20)
47 verbose stack     at Request.emit (events.js:169:7)
47 verbose stack     at IncomingMessage.<anonymous> (/usr/local/lib/node_modules/npm/node_modules/request/request.js:988:12)
48 verbose statusCode 404
49 verbose pkgid mongo_client
50 verbose cwd /Users/devanjal/Desktop/Airbnb-prototype/RabbitMQ-BackEnd
51 error Darwin 16.0.0
52 error argv "/usr/local/bin/node" "/usr/local/bin/npm" "install" "mongo_client"
53 error node v4.5.0
54 error npm  v2.15.9
55 error code E404
56 error 404 Registry returned 404 for GET on https://registry.npmjs.org/mongo_client
56 error 404
56 error 404 'mongo_client' is not in the npm registry.
56 error 404 You should bug the author to publish it (or use the name yourself!)
56 error 404
56 error 404 Note that you can also install from a
56 error 404 tarball, folder, http url, or git url.
57 verbose exit [ 1, true ]
